2019-12-17 18:53:30,008 | ERROR | MainProcess-5924 | H:\self\flask-template\apps\app\handlers.py#post:36 | (pymysql.err.IntegrityError) (1062, "Duplicate entry '18' for key 'username'")
[SQL: INSERT INTO user (is_deleted, username, password, email) VALUES (%(is_deleted)s, %(username)s, %(password)s, %(email)s)]
[parameters: {'is_deleted': 0, 'username': '18', 'password': 'aa', 'email': 'aa@com'}]
(Background on this error at: http://sqlalche.me/e/gkpj)

2019-12-17 18:53:35,372 | ERROR | MainProcess-5924 | H:\self\flask-template\apps\app\handlers.py#post:36 | (pymysql.err.IntegrityError) (1062, "Duplicate entry '18' for key 'username'")
[SQL: INSERT INTO user (is_deleted, username, password, email) VALUES (%(is_deleted)s, %(username)s, %(password)s, %(email)s)]
[parameters: {'is_deleted': 0, 'username': '18', 'password': 'aa', 'email': 'aa@com'}]
(Background on this error at: http://sqlalche.me/e/gkpj)

2019-12-17 18:53:36,704 | ERROR | MainProcess-5924 | H:\self\flask-template\apps\app\handlers.py#post:36 | (pymysql.err.IntegrityError) (1062, "Duplicate entry '18' for key 'username'")
[SQL: INSERT INTO user (is_deleted, username, password, email) VALUES (%(is_deleted)s, %(username)s, %(password)s, %(email)s)]
[parameters: {'is_deleted': 0, 'username': '18', 'password': 'aa', 'email': 'aa@com'}]
(Background on this error at: http://sqlalche.me/e/gkpj)

2019-12-17 18:54:05,370 | ERROR | MainProcess-5924 | H:\self\flask-template\apps\app\handlers.py#post:36 | (pymysql.err.IntegrityError) (1062, "Duplicate entry '18' for key 'username'")
[SQL: INSERT INTO user (is_deleted, username, password, email) VALUES (%(is_deleted)s, %(username)s, %(password)s, %(email)s)]
[parameters: {'is_deleted': 0, 'username': '18', 'password': 'aa', 'email': 'aa@com'}]
(Background on this error at: http://sqlalche.me/e/gkpj)

2019-12-17 18:55:50,184 | INFO | MainProcess-2064 | H:\self\flask-template\apps\app\handlers.py#post:36 | (pymysql.err.IntegrityError) (1062, "Duplicate entry '18' for key 'username'")
[SQL: INSERT INTO user (is_deleted, username, password, email) VALUES (%(is_deleted)s, %(username)s, %(password)s, %(email)s)]
[parameters: {'is_deleted': 0, 'username': '18', 'password': 'aa', 'email': 'aa@com'}]
(Background on this error at: http://sqlalche.me/e/gkpj)

2019-12-17 18:55:53,631 | INFO | MainProcess-2064 | H:\self\flask-template\apps\app\handlers.py#post:36 | (pymysql.err.IntegrityError) (1062, "Duplicate entry '18' for key 'username'")
[SQL: INSERT INTO user (is_deleted, username, password, email) VALUES (%(is_deleted)s, %(username)s, %(password)s, %(email)s)]
[parameters: {'is_deleted': 0, 'username': '18', 'password': 'aa', 'email': 'aa@com'}]
(Background on this error at: http://sqlalche.me/e/gkpj)

2019-12-17 18:55:56,365 | INFO | MainProcess-2064 | H:\self\flask-template\apps\app\handlers.py#post:36 | (pymysql.err.IntegrityError) (1062, "Duplicate entry '18' for key 'username'")
[SQL: INSERT INTO user (is_deleted, username, password, email) VALUES (%(is_deleted)s, %(username)s, %(password)s, %(email)s)]
[parameters: {'is_deleted': 0, 'username': '18', 'password': 'aa', 'email': 'aa@com'}]
(Background on this error at: http://sqlalche.me/e/gkpj)

